<?xml version="1.0" encoding="UTF-8"?>
<testsuite name="org.hyperledger.fabric.samples.fabcar.CarTest" tests="1" skipped="0" failures="0" errors="0" timestamp="2021-03-12T01:16:53" hostname="methawee-VirtualBox" time="0.001">
  <properties/>
  <testcase name="toStringIdentifiesCar()" classname="org.hyperledger.fabric.samples.fabcar.CarTest" time="0.001"/>
  <system-out><![CDATA[]]></system-out>
  <system-err><![CDATA[]]></system-err>
</testsuite>
