<?xml version="1.0" encoding="UTF-8"?>
<testsuite name="org.hyperledger.fabric.samples.fabcar.FabCarTest$ChangeCarOwnerTransaction" tests="2" skipped="0" failures="0" errors="0" timestamp="2021-03-12T01:16:53" hostname="methawee-VirtualBox" time="0.026">
  <properties/>
  <testcase name="whenCarExists()" classname="org.hyperledger.fabric.samples.fabcar.FabCarTest$ChangeCarOwnerTransaction" time="0.005"/>
  <testcase name="whenCarDoesNotExist()" classname="org.hyperledger.fabric.samples.fabcar.FabCarTest$ChangeCarOwnerTransaction" time="0.02"/>
  <system-out><![CDATA[Car CAR0 does not exist
]]></system-out>
  <system-err><![CDATA[]]></system-err>
</testsuite>
