<?xml version="1.0" encoding="UTF-8"?>
<testsuite name="org.hyperledger.fabric.samples.fabcar.CarTest$Equality" tests="6" skipped="0" failures="0" errors="0" timestamp="2021-03-12T01:16:53" hostname="methawee-VirtualBox" time="0.019">
  <properties/>
  <testcase name="handlesOtherObjects()" classname="org.hyperledger.fabric.samples.fabcar.CarTest$Equality" time="0.001"/>
  <testcase name="isReflexive()" classname="org.hyperledger.fabric.samples.fabcar.CarTest$Equality" time="0.001"/>
  <testcase name="isTransitive()" classname="org.hyperledger.fabric.samples.fabcar.CarTest$Equality" time="0.001"/>
  <testcase name="handlesInequality()" classname="org.hyperledger.fabric.samples.fabcar.CarTest$Equality" time="0.006"/>
  <testcase name="isSymmetric()" classname="org.hyperledger.fabric.samples.fabcar.CarTest$Equality" time="0.001"/>
  <testcase name="handlesNull()" classname="org.hyperledger.fabric.samples.fabcar.CarTest$Equality" time="0.002"/>
  <system-out><![CDATA[]]></system-out>
  <system-err><![CDATA[]]></system-err>
</testsuite>
