<?xml version="1.0" encoding="UTF-8"?>
<testsuite name="org.hyperledger.fabric.samples.assettransfer.AssetTest" tests="1" skipped="0" failures="0" errors="0" timestamp="2021-03-11T06:07:03" hostname="methawee-VirtualBox" time="0.017">
  <properties/>
  <testcase name="toStringIdentifiesAsset()" classname="org.hyperledger.fabric.samples.assettransfer.AssetTest" time="0.017"/>
  <system-out><![CDATA[]]></system-out>
  <system-err><![CDATA[]]></system-err>
</testsuite>
